DEBUG - 2026-06-18 01:14:56 --> Session: Class initialized using 'CodeIgniter\Session\Handlers\FileHandler' driver.
DEBUG - 2026-06-18 01:16:03 --> Session: Class initialized using 'CodeIgniter\Session\Handlers\FileHandler' driver.
DEBUG - 2026-06-18 01:16:03 --> Session: Class initialized using 'CodeIgniter\Session\Handlers\FileHandler' driver.
DEBUG - 2026-06-18 01:16:06 --> Session: Class initialized using 'CodeIgniter\Session\Handlers\FileHandler' driver.
DEBUG - 2026-06-18 01:16:15 --> Session: Class initialized using 'CodeIgniter\Session\Handlers\FileHandler' driver.
DEBUG - 2026-06-18 01:16:15 --> Session: Class initialized using 'CodeIgniter\Session\Handlers\FileHandler' driver.
DEBUG - 2026-06-18 01:16:25 --> Session: Class initialized using 'CodeIgniter\Session\Handlers\FileHandler' driver.
DEBUG - 2026-06-18 01:16:26 --> Session: Class initialized using 'CodeIgniter\Session\Handlers\FileHandler' driver.
DEBUG - 2026-06-18 01:16:34 --> Session: Class initialized using 'CodeIgniter\Session\Handlers\FileHandler' driver.
DEBUG - 2026-06-18 01:16:50 --> Session: Class initialized using 'CodeIgniter\Session\Handlers\FileHandler' driver.
DEBUG - 2026-06-18 01:17:05 --> Session: Class initialized using 'CodeIgniter\Session\Handlers\FileHandler' driver.
DEBUG - 2026-06-18 01:17:12 --> Session: Class initialized using 'CodeIgniter\Session\Handlers\FileHandler' driver.
DEBUG - 2026-06-18 01:17:16 --> Session: Class initialized using 'CodeIgniter\Session\Handlers\FileHandler' driver.
DEBUG - 2026-06-18 01:22:36 --> Session: Class initialized using 'CodeIgniter\Session\Handlers\FileHandler' driver.
DEBUG - 2026-06-18 01:22:37 --> Session: Class initialized using 'CodeIgniter\Session\Handlers\FileHandler' driver.
DEBUG - 2026-06-18 01:22:38 --> Session: Class initialized using 'CodeIgniter\Session\Handlers\FileHandler' driver.
DEBUG - 2026-06-18 01:22:41 --> Session: Class initialized using 'CodeIgniter\Session\Handlers\FileHandler' driver.
DEBUG - 2026-06-18 01:22:54 --> Session: Class initialized using 'CodeIgniter\Session\Handlers\FileHandler' driver.
DEBUG - 2026-06-18 01:22:56 --> Session: Class initialized using 'CodeIgniter\Session\Handlers\FileHandler' driver.
DEBUG - 2026-06-18 01:22:59 --> Session: Class initialized using 'CodeIgniter\Session\Handlers\FileHandler' driver.
DEBUG - 2026-06-18 01:24:46 --> Session: Class initialized using 'CodeIgniter\Session\Handlers\FileHandler' driver.
DEBUG - 2026-06-18 01:24:46 --> Session: Class initialized using 'CodeIgniter\Session\Handlers\FileHandler' driver.
DEBUG - 2026-06-18 01:24:57 --> Session: Class initialized using 'CodeIgniter\Session\Handlers\FileHandler' driver.
DEBUG - 2026-06-18 01:25:00 --> Session: Class initialized using 'CodeIgniter\Session\Handlers\FileHandler' driver.
DEBUG - 2026-06-18 01:25:03 --> Session: Class initialized using 'CodeIgniter\Session\Handlers\FileHandler' driver.
DEBUG - 2026-06-18 01:25:12 --> Session: Class initialized using 'CodeIgniter\Session\Handlers\FileHandler' driver.
DEBUG - 2026-06-18 01:25:31 --> Session: Class initialized using 'CodeIgniter\Session\Handlers\FileHandler' driver.
DEBUG - 2026-06-18 01:25:32 --> Session: Class initialized using 'CodeIgniter\Session\Handlers\FileHandler' driver.
DEBUG - 2026-06-18 01:29:14 --> Session: Class initialized using 'CodeIgniter\Session\Handlers\FileHandler' driver.
DEBUG - 2026-06-18 01:29:17 --> Session: Class initialized using 'CodeIgniter\Session\Handlers\FileHandler' driver.
DEBUG - 2026-06-18 01:30:46 --> Session: Class initialized using 'CodeIgniter\Session\Handlers\FileHandler' driver.
DEBUG - 2026-06-18 01:30:48 --> Session: Class initialized using 'CodeIgniter\Session\Handlers\FileHandler' driver.
DEBUG - 2026-06-18 01:32:22 --> Session: Class initialized using 'CodeIgniter\Session\Handlers\FileHandler' driver.
DEBUG - 2026-06-18 01:32:25 --> Session: Class initialized using 'CodeIgniter\Session\Handlers\FileHandler' driver.
DEBUG - 2026-06-18 01:38:02 --> Session: Class initialized using 'CodeIgniter\Session\Handlers\FileHandler' driver.
DEBUG - 2026-06-18 01:38:04 --> Session: Class initialized using 'CodeIgniter\Session\Handlers\FileHandler' driver.
DEBUG - 2026-06-18 01:41:29 --> Session: Class initialized using 'CodeIgniter\Session\Handlers\FileHandler' driver.
DEBUG - 2026-06-18 01:41:29 --> Session: Class initialized using 'CodeIgniter\Session\Handlers\FileHandler' driver.
DEBUG - 2026-06-18 01:41:36 --> Session: Class initialized using 'CodeIgniter\Session\Handlers\FileHandler' driver.
DEBUG - 2026-06-18 01:42:39 --> Session: Class initialized using 'CodeIgniter\Session\Handlers\FileHandler' driver.
DEBUG - 2026-06-18 01:42:41 --> Session: Class initialized using 'CodeIgniter\Session\Handlers\FileHandler' driver.
DEBUG - 2026-06-18 01:43:55 --> Session: Class initialized using 'CodeIgniter\Session\Handlers\FileHandler' driver.
DEBUG - 2026-06-18 01:43:57 --> Session: Class initialized using 'CodeIgniter\Session\Handlers\FileHandler' driver.
DEBUG - 2026-06-18 01:45:06 --> Session: Class initialized using 'CodeIgniter\Session\Handlers\FileHandler' driver.
DEBUG - 2026-06-18 01:45:17 --> Session: Class initialized using 'CodeIgniter\Session\Handlers\FileHandler' driver.
DEBUG - 2026-06-18 01:45:17 --> Session: Class initialized using 'CodeIgniter\Session\Handlers\FileHandler' driver.
DEBUG - 2026-06-18 01:49:25 --> Session: Class initialized using 'CodeIgniter\Session\Handlers\FileHandler' driver.
DEBUG - 2026-06-18 01:49:26 --> Session: Class initialized using 'CodeIgniter\Session\Handlers\FileHandler' driver.
DEBUG - 2026-06-18 01:49:30 --> Session: Class initialized using 'CodeIgniter\Session\Handlers\FileHandler' driver.
DEBUG - 2026-06-18 01:49:50 --> Session: Class initialized using 'CodeIgniter\Session\Handlers\FileHandler' driver.
DEBUG - 2026-06-18 01:53:38 --> Session: Class initialized using 'CodeIgniter\Session\Handlers\FileHandler' driver.
DEBUG - 2026-06-18 01:53:39 --> Session: Class initialized using 'CodeIgniter\Session\Handlers\FileHandler' driver.
DEBUG - 2026-06-18 01:53:57 --> Session: Class initialized using 'CodeIgniter\Session\Handlers\FileHandler' driver.
DEBUG - 2026-06-18 01:54:04 --> Session: Class initialized using 'CodeIgniter\Session\Handlers\FileHandler' driver.
DEBUG - 2026-06-18 01:54:59 --> Session: Class initialized using 'CodeIgniter\Session\Handlers\FileHandler' driver.
DEBUG - 2026-06-18 01:55:10 --> Session: Class initialized using 'CodeIgniter\Session\Handlers\FileHandler' driver.
DEBUG - 2026-06-18 01:55:41 --> Session: Class initialized using 'CodeIgniter\Session\Handlers\FileHandler' driver.
DEBUG - 2026-06-18 01:55:42 --> Session: Class initialized using 'CodeIgniter\Session\Handlers\FileHandler' driver.
DEBUG - 2026-06-18 01:55:45 --> Session: Class initialized using 'CodeIgniter\Session\Handlers\FileHandler' driver.
DEBUG - 2026-06-18 01:58:38 --> Session: Class initialized using 'CodeIgniter\Session\Handlers\FileHandler' driver.
DEBUG - 2026-06-18 01:58:39 --> Session: Class initialized using 'CodeIgniter\Session\Handlers\FileHandler' driver.
DEBUG - 2026-06-18 01:58:44 --> Session: Class initialized using 'CodeIgniter\Session\Handlers\FileHandler' driver.
DEBUG - 2026-06-18 01:59:01 --> Session: Class initialized using 'CodeIgniter\Session\Handlers\FileHandler' driver.
DEBUG - 2026-06-18 01:59:11 --> Session: Class initialized using 'CodeIgniter\Session\Handlers\FileHandler' driver.
DEBUG - 2026-06-18 01:59:25 --> Session: Class initialized using 'CodeIgniter\Session\Handlers\FileHandler' driver.
DEBUG - 2026-06-18 02:05:25 --> Session: Class initialized using 'CodeIgniter\Session\Handlers\FileHandler' driver.
DEBUG - 2026-06-18 02:05:26 --> Session: Class initialized using 'CodeIgniter\Session\Handlers\FileHandler' driver.
DEBUG - 2026-06-18 02:05:40 --> Session: Class initialized using 'CodeIgniter\Session\Handlers\FileHandler' driver.
DEBUG - 2026-06-18 02:05:44 --> Session: Class initialized using 'CodeIgniter\Session\Handlers\FileHandler' driver.
DEBUG - 2026-06-18 02:05:55 --> Session: Class initialized using 'CodeIgniter\Session\Handlers\FileHandler' driver.
DEBUG - 2026-06-18 02:05:58 --> Session: Class initialized using 'CodeIgniter\Session\Handlers\FileHandler' driver.
DEBUG - 2026-06-18 02:08:01 --> Session: Class initialized using 'CodeIgniter\Session\Handlers\FileHandler' driver.
DEBUG - 2026-06-18 02:08:03 --> Session: Class initialized using 'CodeIgniter\Session\Handlers\FileHandler' driver.
DEBUG - 2026-06-18 02:11:15 --> Session: Class initialized using 'CodeIgniter\Session\Handlers\FileHandler' driver.
DEBUG - 2026-06-18 02:11:17 --> Session: Class initialized using 'CodeIgniter\Session\Handlers\FileHandler' driver.
DEBUG - 2026-06-18 02:21:48 --> Session: Class initialized using 'CodeIgniter\Session\Handlers\FileHandler' driver.
DEBUG - 2026-06-18 02:21:51 --> Session: Class initialized using 'CodeIgniter\Session\Handlers\FileHandler' driver.
DEBUG - 2026-06-18 02:22:19 --> Session: Class initialized using 'CodeIgniter\Session\Handlers\FileHandler' driver.
DEBUG - 2026-06-18 02:22:27 --> Session: Class initialized using 'CodeIgniter\Session\Handlers\FileHandler' driver.
DEBUG - 2026-06-18 02:22:35 --> Session: Class initialized using 'CodeIgniter\Session\Handlers\FileHandler' driver.
DEBUG - 2026-06-18 02:22:38 --> Session: Class initialized using 'CodeIgniter\Session\Handlers\FileHandler' driver.
DEBUG - 2026-06-18 02:22:41 --> Session: Class initialized using 'CodeIgniter\Session\Handlers\FileHandler' driver.
DEBUG - 2026-06-18 02:22:44 --> Session: Class initialized using 'CodeIgniter\Session\Handlers\FileHandler' driver.
DEBUG - 2026-06-18 02:22:52 --> Session: Class initialized using 'CodeIgniter\Session\Handlers\FileHandler' driver.
DEBUG - 2026-06-18 02:22:54 --> Session: Class initialized using 'CodeIgniter\Session\Handlers\FileHandler' driver.
DEBUG - 2026-06-18 02:23:26 --> Session: Class initialized using 'CodeIgniter\Session\Handlers\FileHandler' driver.
DEBUG - 2026-06-18 02:23:27 --> Session: Class initialized using 'CodeIgniter\Session\Handlers\FileHandler' driver.
DEBUG - 2026-06-18 02:23:29 --> Session: Class initialized using 'CodeIgniter\Session\Handlers\FileHandler' driver.
DEBUG - 2026-06-18 02:23:35 --> Session: Class initialized using 'CodeIgniter\Session\Handlers\FileHandler' driver.
DEBUG - 2026-06-18 02:23:45 --> Session: Class initialized using 'CodeIgniter\Session\Handlers\FileHandler' driver.
DEBUG - 2026-06-18 02:23:45 --> Session: Class initialized using 'CodeIgniter\Session\Handlers\FileHandler' driver.
ERROR - 2026-06-18 02:44:02 --> Table 'toko_elektronik' already exists
in SYSTEMPATH\Database\MySQLi\Connection.php on line 300.
 1 SYSTEMPATH\Database\MySQLi\Connection.php(300): mysqli->query('CREATE TABLE `toko_elektronik` (
	`id` INT(11) UNSIGNED NOT NULL AUTO_INCREMENT,
	`user_id` INT(11) UNSIGNED NULL COMMENT \'Pemilik toko (FK users.id)\',
	`nama_toko` VARCHAR(150) NOT NULL,
	`slug` VARCHAR(200) NULL,
	`kategori` ENUM(\'Smartphone\',\'Komputer & Laptop\',\'Audio & Video\',\'Peralatan Listrik\',\'Elektronik Umum\',\'Apple Authorized\',\'Gaming\',\'Kamera & Optik\',\'Lainnya\') NOT NULL DEFAULT \'Elektronik Umum\',
	`alamat` TEXT NOT NULL,
	`kecamatan` VARCHAR(100) NULL,
	`kota` VARCHAR(100) NOT NULL DEFAULT \'Kisaran\',
	`provinsi` VARCHAR(100) NOT NULL DEFAULT \'Sumatera Utara\',
	`latitude` DECIMAL(11,8) NOT NULL,
	`longitude` DECIMAL(11,8) NOT NULL,
	`no_telepon` VARCHAR(20) NULL,
	`email_toko` VARCHAR(150) NULL,
	`website` VARCHAR(255) NULL,
	`jam_buka` VARCHAR(50) NULL COMMENT \'Contoh: 08:00-21:00\',
	`deskripsi` TEXT NULL,
	`foto` VARCHAR(255) NULL,
	`rating` DECIMAL(3,1) NOT NULL DEFAULT \'0.0\',
	`total_ulasan` INT NOT NULL DEFAULT 0,
	`status` ENUM(\'aktif\',\'nonaktif\',\'pending\') NOT NULL DEFAULT \'aktif\',
	`created_at` DATETIME NULL,
	`updated_at` DATETIME NULL,
	`deleted_at` DATETIME NULL,
	CONSTRAINT `pk_toko_elektronik` PRIMARY KEY(`id`),
	KEY `user_id` (`user_id`),
	KEY `kategori` (`kategori`),
	KEY `status` (`status`),
	KEY `latitude_longitude` (`latitude`, `longitude`)
) DEFAULT CHARACTER SET = utf8mb4 COLLATE = utf8mb4_general_ci', 0)
 2 SYSTEMPATH\Database\BaseConnection.php(769): CodeIgniter\Database\MySQLi\Connection->execute('CREATE TABLE `toko_elektronik` (
	`id` INT(11) UNSIGNED NOT NULL AUTO_INCREMENT,
	`user_id` INT(11) UNSIGNED NULL COMMENT \'Pemilik toko (FK users.id)\',
	`nama_toko` VARCHAR(150) NOT NULL,
	`slug` VARCHAR(200) NULL,
	`kategori` ENUM(\'Smartphone\',\'Komputer & Laptop\',\'Audio & Video\',\'Peralatan Listrik\',\'Elektronik Umum\',\'Apple Authorized\',\'Gaming\',\'Kamera & Optik\',\'Lainnya\') NOT NULL DEFAULT \'Elektronik Umum\',
	`alamat` TEXT NOT NULL,
	`kecamatan` VARCHAR(100) NULL,
	`kota` VARCHAR(100) NOT NULL DEFAULT \'Kisaran\',
	`provinsi` VARCHAR(100) NOT NULL DEFAULT \'Sumatera Utara\',
	`latitude` DECIMAL(11,8) NOT NULL,
	`longitude` DECIMAL(11,8) NOT NULL,
	`no_telepon` VARCHAR(20) NULL,
	`email_toko` VARCHAR(150) NULL,
	`website` VARCHAR(255) NULL,
	`jam_buka` VARCHAR(50) NULL COMMENT \'Contoh: 08:00-21:00\',
	`deskripsi` TEXT NULL,
	`foto` VARCHAR(255) NULL,
	`rating` DECIMAL(3,1) NOT NULL DEFAULT \'0.0\',
	`total_ulasan` INT NOT NULL DEFAULT 0,
	`status` ENUM(\'aktif\',\'nonaktif\',\'pending\') NOT NULL DEFAULT \'aktif\',
	`created_at` DATETIME NULL,
	`updated_at` DATETIME NULL,
	`deleted_at` DATETIME NULL,
	CONSTRAINT `pk_toko_elektronik` PRIMARY KEY(`id`),
	KEY `user_id` (`user_id`),
	KEY `kategori` (`kategori`),
	KEY `status` (`status`),
	KEY `latitude_longitude` (`latitude`, `longitude`)
) DEFAULT CHARACTER SET = utf8mb4 COLLATE = utf8mb4_general_ci')
 3 SYSTEMPATH\Database\BaseConnection.php(686): CodeIgniter\Database\BaseConnection->simpleQuery('CREATE TABLE `toko_elektronik` (
	`id` INT(11) UNSIGNED NOT NULL AUTO_INCREMENT,
	`user_id` INT(11) UNSIGNED NULL COMMENT \'Pemilik toko (FK users.id)\',
	`nama_toko` VARCHAR(150) NOT NULL,
	`slug` VARCHAR(200) NULL,
	`kategori` ENUM(\'Smartphone\',\'Komputer & Laptop\',\'Audio & Video\',\'Peralatan Listrik\',\'Elektronik Umum\',\'Apple Authorized\',\'Gaming\',\'Kamera & Optik\',\'Lainnya\') NOT NULL DEFAULT \'Elektronik Umum\',
	`alamat` TEXT NOT NULL,
	`kecamatan` VARCHAR(100) NULL,
	`kota` VARCHAR(100) NOT NULL DEFAULT \'Kisaran\',
	`provinsi` VARCHAR(100) NOT NULL DEFAULT \'Sumatera Utara\',
	`latitude` DECIMAL(11,8) NOT NULL,
	`longitude` DECIMAL(11,8) NOT NULL,
	`no_telepon` VARCHAR(20) NULL,
	`email_toko` VARCHAR(150) NULL,
	`website` VARCHAR(255) NULL,
	`jam_buka` VARCHAR(50) NULL COMMENT \'Contoh: 08:00-21:00\',
	`deskripsi` TEXT NULL,
	`foto` VARCHAR(255) NULL,
	`rating` DECIMAL(3,1) NOT NULL DEFAULT \'0.0\',
	`total_ulasan` INT NOT NULL DEFAULT 0,
	`status` ENUM(\'aktif\',\'nonaktif\',\'pending\') NOT NULL DEFAULT \'aktif\',
	`created_at` DATETIME NULL,
	`updated_at` DATETIME NULL,
	`deleted_at` DATETIME NULL,
	CONSTRAINT `pk_toko_elektronik` PRIMARY KEY(`id`),
	KEY `user_id` (`user_id`),
	KEY `kategori` (`kategori`),
	KEY `status` (`status`),
	KEY `latitude_longitude` (`latitude`, `longitude`)
) DEFAULT CHARACTER SET = utf8mb4 COLLATE = utf8mb4_general_ci')
 4 SYSTEMPATH\Database\Forge.php(570): CodeIgniter\Database\BaseConnection->query('CREATE TABLE `toko_elektronik` (
	`id` INT(11) UNSIGNED NOT NULL AUTO_INCREMENT,
	`user_id` INT(11) UNSIGNED NULL COMMENT \'Pemilik toko (FK users.id)\',
	`nama_toko` VARCHAR(150) NOT NULL,
	`slug` VARCHAR(200) NULL,
	`kategori` ENUM(\'Smartphone\',\'Komputer & Laptop\',\'Audio & Video\',\'Peralatan Listrik\',\'Elektronik Umum\',\'Apple Authorized\',\'Gaming\',\'Kamera & Optik\',\'Lainnya\') NOT NULL DEFAULT \'Elektronik Umum\',
	`alamat` TEXT NOT NULL,
	`kecamatan` VARCHAR(100) NULL,
	`kota` VARCHAR(100) NOT NULL DEFAULT \'Kisaran\',
	`provinsi` VARCHAR(100) NOT NULL DEFAULT \'Sumatera Utara\',
	`latitude` DECIMAL(11,8) NOT NULL,
	`longitude` DECIMAL(11,8) NOT NULL,
	`no_telepon` VARCHAR(20) NULL,
	`email_toko` VARCHAR(150) NULL,
	`website` VARCHAR(255) NULL,
	`jam_buka` VARCHAR(50) NULL COMMENT \'Contoh: 08:00-21:00\',
	`deskripsi` TEXT NULL,
	`foto` VARCHAR(255) NULL,
	`rating` DECIMAL(3,1) NOT NULL DEFAULT \'0.0\',
	`total_ulasan` INT NOT NULL DEFAULT 0,
	`status` ENUM(\'aktif\',\'nonaktif\',\'pending\') NOT NULL DEFAULT \'aktif\',
	`created_at` DATETIME NULL,
	`updated_at` DATETIME NULL,
	`deleted_at` DATETIME NULL,
	CONSTRAINT `pk_toko_elektronik` PRIMARY KEY(`id`),
	KEY `user_id` (`user_id`),
	KEY `kategori` (`kategori`),
	KEY `status` (`status`),
	KEY `latitude_longitude` (`latitude`, `longitude`)
) DEFAULT CHARACTER SET = utf8mb4 COLLATE = utf8mb4_general_ci')
 5 APPPATH\Database\Migrations\2026-06-09-000001_CreateStoresTable.php(137): CodeIgniter\Database\Forge->createTable('toko_elektronik')
 6 SYSTEMPATH\Database\MigrationRunner.php(1014): App\Database\Migrations\CreateStoresTable->up()
 7 SYSTEMPATH\Database\MigrationRunner.php(202): CodeIgniter\Database\MigrationRunner->migrate('up', Object(stdClass))
 8 SYSTEMPATH\Commands\Database\Migrate.php(89): CodeIgniter\Database\MigrationRunner->latest(null)
 9 SYSTEMPATH\CLI\SignalTrait.php(245): CodeIgniter\Commands\Database\Migrate::CodeIgniter\Commands\Database\{closure}()
10 SYSTEMPATH\Commands\Database\Migrate.php(88): CodeIgniter\Commands\Database\Migrate->withSignalsBlocked(Object(Closure))
11 SYSTEMPATH\CLI\Commands.php(74): CodeIgniter\Commands\Database\Migrate->run([])
12 SYSTEMPATH\CLI\Console.php(47): CodeIgniter\CLI\Commands->run('migrate', [])
13 SYSTEMPATH\Boot.php(442): CodeIgniter\CLI\Console->run()
14 SYSTEMPATH\Boot.php(166): CodeIgniter\Boot::runCommand(Object(CodeIgniter\CLI\Console))
15 ROOTPATH\spark(87): CodeIgniter\Boot::bootSpark(Object(Config\Paths))
DEBUG - 2026-06-18 04:39:03 --> Session: Class initialized using 'CodeIgniter\Session\Handlers\FileHandler' driver.
DEBUG - 2026-06-18 04:41:14 --> Session: Class initialized using 'CodeIgniter\Session\Handlers\FileHandler' driver.
DEBUG - 2026-06-18 04:41:33 --> Session: Class initialized using 'CodeIgniter\Session\Handlers\FileHandler' driver.
DEBUG - 2026-06-18 04:41:46 --> Session: Class initialized using 'CodeIgniter\Session\Handlers\FileHandler' driver.
DEBUG - 2026-06-18 04:42:04 --> Session: Class initialized using 'CodeIgniter\Session\Handlers\FileHandler' driver.
DEBUG - 2026-06-18 04:42:18 --> Session: Class initialized using 'CodeIgniter\Session\Handlers\FileHandler' driver.
DEBUG - 2026-06-18 04:42:31 --> Session: Class initialized using 'CodeIgniter\Session\Handlers\FileHandler' driver.
DEBUG - 2026-06-18 04:56:28 --> Session: Class initialized using 'CodeIgniter\Session\Handlers\FileHandler' driver.
DEBUG - 2026-06-18 05:17:02 --> Session: Class initialized using 'CodeIgniter\Session\Handlers\FileHandler' driver.
DEBUG - 2026-06-18 05:20:53 --> Session: Class initialized using 'CodeIgniter\Session\Handlers\FileHandler' driver.
DEBUG - 2026-06-18 05:26:10 --> Session: Class initialized using 'CodeIgniter\Session\Handlers\FileHandler' driver.
DEBUG - 2026-06-18 05:39:22 --> Session: Class initialized using 'CodeIgniter\Session\Handlers\FileHandler' driver.
DEBUG - 2026-06-18 05:40:31 --> Session: Class initialized using 'CodeIgniter\Session\Handlers\FileHandler' driver.
